[debug] [2026-03-23T16:47:02.602Z] ----------------------------------------------------------------------
[debug] [2026-03-23T16:47:02.603Z] Command:       /Users/juanalvarez/.nvm/versions/node/v24.14.0/bin/node /Users/juanalvarez/.nvm/versions/node/v24.14.0/bin/firebase init
[debug] [2026-03-23T16:47:02.603Z] CLI Version:   15.11.0
[debug] [2026-03-23T16:47:02.604Z] Platform:      darwin
[debug] [2026-03-23T16:47:02.604Z] Node Version:  v24.14.0
[debug] [2026-03-23T16:47:02.604Z] Time:          Mon Mar 23 2026 11:47:02 GMT-0500 (Colombia Standard Time)
[debug] [2026-03-23T16:47:02.604Z] ----------------------------------------------------------------------
[debug] 
[info] 
     ######## #### ########  ######## ########     ###     ######  ########
     ##        ##  ##     ## ##       ##     ##  ##   ##  ##       ##
     ######    ##  ########  ######   ########  #########  ######  ######
     ##        ##  ##    ##  ##       ##     ## ##     ##       ## ##
     ##       #### ##     ## ######## ########  ##     ##  ######  ########

You're about to initialize a Firebase project in this directory:

  /Users/juanalvarez/Documents/programacion/gtaLandingPage

Before we get started, keep in mind:

  * You are initializing within an existing Firebase project directory

[info] 
=== Project Setup
[info] 
[info] First, let's associate this project directory with a Firebase project.
[info] You can create multiple project aliases by running firebase use --add, 
[info] 
[debug] [2026-03-23T16:47:16.629Z] > command requires scopes: ["email","openid","https://www.googleapis.com/auth/cloudplatformprojects.readonly","https://www.googleapis.com/auth/firebase","https://www.googleapis.com/auth/cloud-platform"]
[debug] [2026-03-23T16:47:16.629Z] > authorizing via signed-in user (juanandres1029@gmail.com)
[debug] [2026-03-23T16:47:16.630Z] Checked if tokens are valid: true, expires at: 1774288009849
[debug] [2026-03-23T16:47:16.630Z] Checked if tokens are valid: true, expires at: 1774288009849
[debug] [2026-03-23T16:47:16.631Z] >>> [apiv2][query] GET https://firebase.googleapis.com/v1beta1/projects/giaradotaescultura [none]
[debug] [2026-03-23T16:47:17.159Z] <<< [apiv2][status] GET https://firebase.googleapis.com/v1beta1/projects/giaradotaescultura 200
[debug] [2026-03-23T16:47:17.159Z] <<< [apiv2][body] GET https://firebase.googleapis.com/v1beta1/projects/giaradotaescultura {"projectId":"giaradotaescultura","projectNumber":"717555413192","displayName":"girardotaescultura","name":"projects/giaradotaescultura","resources":{"hostingSite":"giaradotaescultura"},"state":"ACTIVE","etag":"1_c07824ee-44ce-4c22-841d-4a64e82829ba"}
[info] i  Using project giaradotaescultura (girardotaescultura) . 
[info] 
=== Hosting Setup
[info] 
[debug] [2026-03-23T16:47:53.814Z] Checked if tokens are valid: true, expires at: 1774288009849
[debug] [2026-03-23T16:47:53.814Z] Checked if tokens are valid: true, expires at: 1774288009849
[debug] [2026-03-23T16:47:53.814Z] >>> [apiv2][query] GET https://firebase.googleapis.com/v1beta1/projects/giaradotaescultura [none]
[debug] [2026-03-23T16:47:54.134Z] <<< [apiv2][status] GET https://firebase.googleapis.com/v1beta1/projects/giaradotaescultura 200
[debug] [2026-03-23T16:47:54.134Z] <<< [apiv2][body] GET https://firebase.googleapis.com/v1beta1/projects/giaradotaescultura {"projectId":"giaradotaescultura","projectNumber":"717555413192","displayName":"girardotaescultura","name":"projects/giaradotaescultura","resources":{"hostingSite":"giaradotaescultura"},"state":"ACTIVE","etag":"1_c07824ee-44ce-4c22-841d-4a64e82829ba"}
[info] 
[info] Your public directory is the folder (relative to your project directory) that
[info] will contain Hosting assets to be uploaded with firebase deploy. If you
[info] have a build process for your assets, use your build's output directory.
[info] 
[debug] [2026-03-23T16:48:54.825Z] ExitPromptError: User force closed the prompt with SIGINT
    at Interface.sigint (/Users/juanalvarez/.nvm/versions/node/v24.14.0/lib/node_modules/firebase-tools/node_modules/@inquirer/core/dist/commonjs/lib/create-prompt.js:101:37)
    at Interface.emit (node:events:508:28)
    at [_ttyWrite] [as _ttyWrite] (node:internal/readline/interface:1327:18)
    at ReadStream.onkeypress (node:internal/readline/interface:284:20)
    at ReadStream.emit (node:events:520:35)
    at emitKeys (node:internal/readline/utils:371:14)
    at emitKeys.next (<anonymous>)
    at ReadStream.onData (node:internal/readline/emitKeypressEvents:64:36)
    at ReadStream.emit (node:events:508:28)
    at addChunk (node:internal/streams/readable:563:12)
[error] 
[error] Error: An unexpected error has occurred.
